<?xml version="1.0" encoding="UTF-8"?>
<coverage generated="1681060540314" clover="3.2.0">
  <project timestamp="1681060540314" name="All files">
    <metrics statements="24" coveredstatements="23" conditionals="21" coveredconditionals="20" methods="4" coveredmethods="4" elements="49" coveredelements="47" complexity="0" loc="24" ncloc="24" packages="1" files="2" classes="2"/>
    <file name="genDiffFunc.js" path="/home/barvv/workout/080423/frontend-project-46/src/genDiffFunc.js">
      <metrics statements="17" coveredstatements="17" conditionals="15" coveredconditionals="15" methods="3" coveredmethods="3"/>
      <line num="7" count="1" type="cond" truecount="1" falsecount="0"/>
      <line num="8" count="4" type="stmt"/>
      <line num="9" count="4" type="stmt"/>
      <line num="11" count="4" type="stmt"/>
      <line num="12" count="20" type="stmt"/>
      <line num="14" count="20" type="stmt"/>
      <line num="15" count="72" type="cond" truecount="4" falsecount="0"/>
      <line num="16" count="8" type="stmt"/>
      <line num="17" count="64" type="cond" truecount="4" falsecount="0"/>
      <line num="18" count="20" type="stmt"/>
      <line num="20" count="44" type="cond" truecount="2" falsecount="0"/>
      <line num="21" count="12" type="stmt"/>
      <line num="22" count="32" type="cond" truecount="4" falsecount="0"/>
      <line num="23" count="16" type="stmt"/>
      <line num="25" count="16" type="stmt"/>
      <line num="29" count="20" type="stmt"/>
      <line num="31" count="4" type="stmt"/>
    </file>
    <file name="parsers.js" path="/home/barvv/workout/080423/frontend-project-46/src/parsers.js">
      <metrics statements="7" coveredstatements="6" conditionals="6" coveredconditionals="5" methods="1" coveredmethods="1"/>
      <line num="5" count="1" type="stmt"/>
      <line num="6" count="8" type="stmt"/>
      <line num="10" count="8" type="cond" truecount="4" falsecount="0"/>
      <line num="11" count="4" type="stmt"/>
      <line num="15" count="4" type="cond" truecount="1" falsecount="1"/>
      <line num="16" count="4" type="stmt"/>
      <line num="19" count="0" type="stmt"/>
    </file>
  </project>
</coverage>
