{"/home/hexpro/frontend-project-46/__fixtures__/jsonDiff.js": {"path":"/home/hexpro/frontend-project-46/__fixtures__/jsonDiff.js","statementMap":{},"fnMap":{},"branchMap":{},"s":{},"f":{},"b":{},"_coverageSchema":"1a1c01bbd47fc00a2c39e90264f33305004495a9","hash":"530694b120c2ea5e76bff54d1665490c4f85229c"}
,"/home/hexpro/frontend-project-46/__fixtures__/plainDiff.js": {"path":"/home/hexpro/frontend-project-46/__fixtures__/plainDiff.js","statementMap":{},"fnMap":{},"branchMap":{},"s":{},"f":{},"b":{},"_coverageSchema":"1a1c01bbd47fc00a2c39e90264f33305004495a9","hash":"5b134fee8cbfeca492d82033db954fc4c417653b"}
,"/home/hexpro/frontend-project-46/__fixtures__/stylishDiff.js": {"path":"/home/hexpro/frontend-project-46/__fixtures__/stylishDiff.js","statementMap":{},"fnMap":{},"branchMap":{},"s":{},"f":{},"b":{},"_coverageSchema":"1a1c01bbd47fc00a2c39e90264f33305004495a9","hash":"cdd6f338f3ba9527a9a8f994621c39c866e42428"}
,"/home/hexpro/frontend-project-46/formatters/index.js": {"path":"/home/hexpro/frontend-project-46/formatters/index.js","statementMap":{"0":{"start":{"line":5,"column":18},"end":{"line":16,"column":1}},"1":{"start":{"line":6,"column":2},"end":{"line":15,"column":3}},"2":{"start":{"line":8,"column":6},"end":{"line":8,"column":36}},"3":{"start":{"line":10,"column":6},"end":{"line":10,"column":34}},"4":{"start":{"line":12,"column":6},"end":{"line":12,"column":33}},"5":{"start":{"line":14,"column":6},"end":{"line":14,"column":50}}},"fnMap":{"0":{"name":"(anonymous_0)","decl":{"start":{"line":5,"column":18},"end":{"line":5,"column":19}},"loc":{"start":{"line":5,"column":36},"end":{"line":16,"column":1}},"line":5}},"branchMap":{"0":{"loc":{"start":{"line":6,"column":2},"end":{"line":15,"column":3}},"type":"switch","locations":[{"start":{"line":7,"column":4},"end":{"line":8,"column":36}},{"start":{"line":9,"column":4},"end":{"line":10,"column":34}},{"start":{"line":11,"column":4},"end":{"line":12,"column":33}},{"start":{"line":13,"column":4},"end":{"line":14,"column":50}}],"line":6}},"s":{"0":1,"1":9,"2":3,"3":3,"4":3,"5":0},"f":{"0":9},"b":{"0":[3,3,3,0]},"_coverageSchema":"1a1c01bbd47fc00a2c39e90264f33305004495a9","hash":"80fd81e55453907c3d18b1aea49d4655679b81a0"}
,"/home/hexpro/frontend-project-46/formatters/json.js": {"path":"/home/hexpro/frontend-project-46/formatters/json.js","statementMap":{"0":{"start":{"line":1,"column":22},"end":{"line":1,"column":61}},"1":{"start":{"line":1,"column":32},"end":{"line":1,"column":61}}},"fnMap":{"0":{"name":"(anonymous_0)","decl":{"start":{"line":1,"column":22},"end":{"line":1,"column":23}},"loc":{"start":{"line":1,"column":32},"end":{"line":1,"column":61}},"line":1}},"branchMap":{},"s":{"0":1,"1":3},"f":{"0":3},"b":{},"_coverageSchema":"1a1c01bbd47fc00a2c39e90264f33305004495a9","hash":"a30844bc4096b8733564f3d47f847efebad8226d"}
,"/home/hexpro/frontend-project-46/formatters/plain.js": {"path":"/home/hexpro/frontend-project-46/formatters/plain.js","statementMap":{"0":{"start":{"line":3,"column":23},"end":{"line":24,"column":1}},"1":{"start":{"line":4,"column":15},"end":{"line":22,"column":3}},"2":{"start":{"line":5,"column":29},"end":{"line":20,"column":6}},"3":{"start":{"line":6,"column":38},"end":{"line":6,"column":44}},"4":{"start":{"line":7,"column":24},"end":{"line":11,"column":7}},"5":{"start":{"line":8,"column":8},"end":{"line":8,"column":58}},"6":{"start":{"line":8,"column":31},"end":{"line":8,"column":56}},"7":{"start":{"line":9,"column":8},"end":{"line":9,"column":51}},"8":{"start":{"line":9,"column":31},"end":{"line":9,"column":49}},"9":{"start":{"line":10,"column":8},"end":{"line":10,"column":19}},"10":{"start":{"line":12,"column":22},"end":{"line":12,"column":50}},"11":{"start":{"line":13,"column":6},"end":{"line":13,"column":79}},"12":{"start":{"line":13,"column":34},"end":{"line":13,"column":77}},"13":{"start":{"line":14,"column":6},"end":{"line":14,"column":107}},"14":{"start":{"line":14,"column":32},"end":{"line":14,"column":105}},"15":{"start":{"line":15,"column":6},"end":{"line":17,"column":7}},"16":{"start":{"line":16,"column":8},"end":{"line":16,"column":110}},"17":{"start":{"line":18,"column":6},"end":{"line":18,"column":69}},"18":{"start":{"line":18,"column":33},"end":{"line":18,"column":67}},"19":{"start":{"line":19,"column":6},"end":{"line":19,"column":16}},"20":{"start":{"line":21,"column":4},"end":{"line":21,"column":44}},"21":{"start":{"line":23,"column":2},"end":{"line":23,"column":24}}},"fnMap":{"0":{"name":"(anonymous_0)","decl":{"start":{"line":3,"column":23},"end":{"line":3,"column":24}},"loc":{"start":{"line":3,"column":33},"end":{"line":24,"column":1}},"line":3},"1":{"name":"(anonymous_1)","decl":{"start":{"line":4,"column":15},"end":{"line":4,"column":16}},"loc":{"start":{"line":4,"column":38},"end":{"line":22,"column":3}},"line":4},"2":{"name":"(anonymous_2)","decl":{"start":{"line":5,"column":45},"end":{"line":5,"column":46}},"loc":{"start":{"line":5,"column":57},"end":{"line":20,"column":5}},"line":5},"3":{"name":"(anonymous_3)","decl":{"start":{"line":7,"column":24},"end":{"line":7,"column":25}},"loc":{"start":{"line":7,"column":33},"end":{"line":11,"column":7}},"line":7}},"branchMap":{"0":{"loc":{"start":{"line":8,"column":8},"end":{"line":8,"column":58}},"type":"if","locations":[{"start":{"line":8,"column":8},"end":{"line":8,"column":58}},{"start":{},"end":{}}],"line":8},"1":{"loc":{"start":{"line":9,"column":8},"end":{"line":9,"column":51}},"type":"if","locations":[{"start":{"line":9,"column":8},"end":{"line":9,"column":51}},{"start":{},"end":{}}],"line":9},"2":{"loc":{"start":{"line":13,"column":6},"end":{"line":13,"column":79}},"type":"if","locations":[{"start":{"line":13,"column":6},"end":{"line":13,"column":79}},{"start":{},"end":{}}],"line":13},"3":{"loc":{"start":{"line":14,"column":6},"end":{"line":14,"column":107}},"type":"if","locations":[{"start":{"line":14,"column":6},"end":{"line":14,"column":107}},{"start":{},"end":{}}],"line":14},"4":{"loc":{"start":{"line":15,"column":6},"end":{"line":17,"column":7}},"type":"if","locations":[{"start":{"line":15,"column":6},"end":{"line":17,"column":7}},{"start":{},"end":{}}],"line":15},"5":{"loc":{"start":{"line":18,"column":6},"end":{"line":18,"column":69}},"type":"if","locations":[{"start":{"line":18,"column":6},"end":{"line":18,"column":69}},{"start":{},"end":{}}],"line":18}},"s":{"0":1,"1":3,"2":15,"3":54,"4":54,"5":39,"6":9,"7":30,"8":21,"9":9,"10":54,"11":54,"12":6,"13":48,"14":15,"15":33,"16":12,"17":21,"18":12,"19":9,"20":15,"21":3},"f":{"0":3,"1":15,"2":54,"3":39},"b":{"0":[9,30],"1":[21,9],"2":[6,48],"3":[15,33],"4":[12,21],"5":[12,9]},"_coverageSchema":"1a1c01bbd47fc00a2c39e90264f33305004495a9","hash":"a59c9df137f70756e3ae9d0b29624f879162ba58"}
,"/home/hexpro/frontend-project-46/formatters/stylish.js": {"path":"/home/hexpro/frontend-project-46/formatters/stylish.js","statementMap":{"0":{"start":{"line":3,"column":16},"end":{"line":12,"column":1}},"1":{"start":{"line":4,"column":2},"end":{"line":6,"column":3}},"2":{"start":{"line":5,"column":4},"end":{"line":5,"column":44}},"3":{"start":{"line":7,"column":23},"end":{"line":7,"column":41}},"4":{"start":{"line":8,"column":24},"end":{"line":8,"column":46}},"5":{"start":{"line":9,"column":16},"end":{"line":9,"column":105}},"6":{"start":{"line":9,"column":69},"end":{"line":9,"column":104}},"7":{"start":{"line":11,"column":2},"end":{"line":11,"column":98}},"8":{"start":{"line":14,"column":25},"end":{"line":31,"column":1}},"9":{"start":{"line":15,"column":15},"end":{"line":29,"column":3}},"10":{"start":{"line":16,"column":25},"end":{"line":16,"column":43}},"11":{"start":{"line":17,"column":26},"end":{"line":17,"column":48}},"12":{"start":{"line":18,"column":29},"end":{"line":27,"column":6}},"13":{"start":{"line":19,"column":38},"end":{"line":19,"column":44}},"14":{"start":{"line":20,"column":19},"end":{"line":20,"column":50}},"15":{"start":{"line":21,"column":6},"end":{"line":21,"column":55}},"16":{"start":{"line":21,"column":34},"end":{"line":21,"column":53}},"17":{"start":{"line":22,"column":6},"end":{"line":22,"column":53}},"18":{"start":{"line":22,"column":32},"end":{"line":22,"column":51}},"19":{"start":{"line":23,"column":6},"end":{"line":23,"column":57}},"20":{"start":{"line":23,"column":36},"end":{"line":23,"column":55}},"21":{"start":{"line":24,"column":6},"end":{"line":24,"column":107}},"22":{"start":{"line":24,"column":34},"end":{"line":24,"column":105}},"23":{"start":{"line":25,"column":6},"end":{"line":25,"column":81}},"24":{"start":{"line":25,"column":33},"end":{"line":25,"column":79}},"25":{"start":{"line":26,"column":6},"end":{"line":26,"column":25}},"26":{"start":{"line":28,"column":4},"end":{"line":28,"column":96}},"27":{"start":{"line":30,"column":2},"end":{"line":30,"column":23}}},"fnMap":{"0":{"name":"(anonymous_0)","decl":{"start":{"line":3,"column":16},"end":{"line":3,"column":17}},"loc":{"start":{"line":3,"column":53},"end":{"line":12,"column":1}},"line":3},"1":{"name":"(anonymous_1)","decl":{"start":{"line":9,"column":53},"end":{"line":9,"column":54}},"loc":{"start":{"line":9,"column":69},"end":{"line":9,"column":104}},"line":9},"2":{"name":"(anonymous_2)","decl":{"start":{"line":14,"column":25},"end":{"line":14,"column":26}},"loc":{"start":{"line":14,"column":35},"end":{"line":31,"column":1}},"line":14},"3":{"name":"(anonymous_3)","decl":{"start":{"line":15,"column":15},"end":{"line":15,"column":16}},"loc":{"start":{"line":15,"column":35},"end":{"line":29,"column":3}},"line":15},"4":{"name":"(anonymous_4)","decl":{"start":{"line":18,"column":45},"end":{"line":18,"column":46}},"loc":{"start":{"line":18,"column":57},"end":{"line":27,"column":5}},"line":18}},"branchMap":{"0":{"loc":{"start":{"line":4,"column":2},"end":{"line":6,"column":3}},"type":"if","locations":[{"start":{"line":4,"column":2},"end":{"line":6,"column":3}},{"start":{},"end":{}}],"line":4},"1":{"loc":{"start":{"line":21,"column":6},"end":{"line":21,"column":55}},"type":"if","locations":[{"start":{"line":21,"column":6},"end":{"line":21,"column":55}},{"start":{},"end":{}}],"line":21},"2":{"loc":{"start":{"line":22,"column":6},"end":{"line":22,"column":53}},"type":"if","locations":[{"start":{"line":22,"column":6},"end":{"line":22,"column":53}},{"start":{},"end":{}}],"line":22},"3":{"loc":{"start":{"line":23,"column":6},"end":{"line":23,"column":57}},"type":"if","locations":[{"start":{"line":23,"column":6},"end":{"line":23,"column":57}},{"start":{},"end":{}}],"line":23},"4":{"loc":{"start":{"line":24,"column":6},"end":{"line":24,"column":107}},"type":"if","locations":[{"start":{"line":24,"column":6},"end":{"line":24,"column":107}},{"start":{},"end":{}}],"line":24},"5":{"loc":{"start":{"line":25,"column":6},"end":{"line":25,"column":81}},"type":"if","locations":[{"start":{"line":25,"column":6},"end":{"line":25,"column":81}},{"start":{},"end":{}}],"line":25}},"s":{"0":1,"1":345,"2":240,"3":105,"4":105,"5":105,"6":279,"7":105,"8":1,"9":3,"10":15,"11":15,"12":15,"13":54,"14":54,"15":54,"16":6,"17":48,"18":15,"19":33,"20":9,"21":24,"22":12,"23":12,"24":12,"25":0,"26":15,"27":3},"f":{"0":345,"1":279,"2":3,"3":15,"4":54},"b":{"0":[240,105],"1":[6,48],"2":[15,33],"3":[9,24],"4":[12,12],"5":[12,0]},"_coverageSchema":"1a1c01bbd47fc00a2c39e90264f33305004495a9","hash":"08d713b81f6dc925eec6391ec9def702e5ee3500"}
,"/home/hexpro/frontend-project-46/src/findDiffFunc.js": {"path":"/home/hexpro/frontend-project-46/src/findDiffFunc.js","statementMap":{"0":{"start":{"line":2,"column":24},"end":{"line":22,"column":1}},"1":{"start":{"line":3,"column":18},"end":{"line":3,"column":75}},"2":{"start":{"line":4,"column":22},"end":{"line":20,"column":4}},"3":{"start":{"line":5,"column":4},"end":{"line":7,"column":5}},"4":{"start":{"line":6,"column":6},"end":{"line":6,"column":65}},"5":{"start":{"line":8,"column":4},"end":{"line":10,"column":5}},"6":{"start":{"line":9,"column":6},"end":{"line":9,"column":63}},"7":{"start":{"line":11,"column":4},"end":{"line":13,"column":5}},"8":{"start":{"line":12,"column":6},"end":{"line":12,"column":67}},"9":{"start":{"line":14,"column":4},"end":{"line":16,"column":5}},"10":{"start":{"line":15,"column":6},"end":{"line":15,"column":93}},"11":{"start":{"line":17,"column":4},"end":{"line":19,"column":6}},"12":{"start":{"line":21,"column":2},"end":{"line":21,"column":21}}},"fnMap":{"0":{"name":"(anonymous_0)","decl":{"start":{"line":2,"column":24},"end":{"line":2,"column":25}},"loc":{"start":{"line":2,"column":42},"end":{"line":22,"column":1}},"line":2},"1":{"name":"(anonymous_1)","decl":{"start":{"line":4,"column":34},"end":{"line":4,"column":35}},"loc":{"start":{"line":4,"column":43},"end":{"line":20,"column":3}},"line":4}},"branchMap":{"0":{"loc":{"start":{"line":5,"column":4},"end":{"line":7,"column":5}},"type":"if","locations":[{"start":{"line":5,"column":4},"end":{"line":7,"column":5}},{"start":{},"end":{}}],"line":5},"1":{"loc":{"start":{"line":5,"column":8},"end":{"line":5,"column":47}},"type":"binary-expr","locations":[{"start":{"line":5,"column":8},"end":{"line":5,"column":25}},{"start":{"line":5,"column":29},"end":{"line":5,"column":47}}],"line":5},"2":{"loc":{"start":{"line":8,"column":4},"end":{"line":10,"column":5}},"type":"if","locations":[{"start":{"line":8,"column":4},"end":{"line":10,"column":5}},{"start":{},"end":{}}],"line":8},"3":{"loc":{"start":{"line":8,"column":8},"end":{"line":8,"column":47}},"type":"binary-expr","locations":[{"start":{"line":8,"column":8},"end":{"line":8,"column":26}},{"start":{"line":8,"column":30},"end":{"line":8,"column":47}}],"line":8},"4":{"loc":{"start":{"line":11,"column":4},"end":{"line":13,"column":5}},"type":"if","locations":[{"start":{"line":11,"column":4},"end":{"line":13,"column":5}},{"start":{},"end":{}}],"line":11},"5":{"loc":{"start":{"line":14,"column":4},"end":{"line":16,"column":5}},"type":"if","locations":[{"start":{"line":14,"column":4},"end":{"line":16,"column":5}},{"start":{},"end":{}}],"line":14},"6":{"loc":{"start":{"line":14,"column":8},"end":{"line":14,"column":56}},"type":"binary-expr","locations":[{"start":{"line":14,"column":8},"end":{"line":14,"column":30}},{"start":{"line":14,"column":34},"end":{"line":14,"column":56}}],"line":14}},"s":{"0":1,"1":45,"2":45,"3":162,"4":18,"5":144,"6":45,"7":99,"8":27,"9":72,"10":36,"11":36,"12":45},"f":{"0":45,"1":162},"b":{"0":[18,144],"1":[162,117],"2":[45,99],"3":[144,45],"4":[27,72],"5":[36,36],"6":[72,45]},"_coverageSchema":"1a1c01bbd47fc00a2c39e90264f33305004495a9","hash":"9946fbf11d55682c613530460c44c942e1afa293"}
,"/home/hexpro/frontend-project-46/src/genDiffFunc.js": {"path":"/home/hexpro/frontend-project-46/src/genDiffFunc.js","statementMap":{"0":{"start":{"line":5,"column":16},"end":{"line":32,"column":1}},"1":{"start":{"line":6,"column":20},"end":{"line":6,"column":41}},"2":{"start":{"line":7,"column":21},"end":{"line":7,"column":42}},"3":{"start":{"line":31,"column":2},"end":{"line":31,"column":71}}},"fnMap":{"0":{"name":"(anonymous_0)","decl":{"start":{"line":5,"column":16},"end":{"line":5,"column":17}},"loc":{"start":{"line":5,"column":66},"end":{"line":32,"column":1}},"line":5}},"branchMap":{"0":{"loc":{"start":{"line":5,"column":39},"end":{"line":5,"column":61}},"type":"default-arg","locations":[{"start":{"line":5,"column":52},"end":{"line":5,"column":61}}],"line":5}},"s":{"0":1,"1":9,"2":9,"3":9},"f":{"0":9},"b":{"0":[3]},"_coverageSchema":"1a1c01bbd47fc00a2c39e90264f33305004495a9","hash":"0d40490ca0a06ff86bbbf24ed04a5368af23c5e8"}
,"/home/hexpro/frontend-project-46/src/parsers.js": {"path":"/home/hexpro/frontend-project-46/src/parsers.js","statementMap":{"0":{"start":{"line":5,"column":19},"end":{"line":16,"column":1}},"1":{"start":{"line":7,"column":23},"end":{"line":7,"column":45}},"2":{"start":{"line":9,"column":2},"end":{"line":11,"column":3}},"3":{"start":{"line":10,"column":4},"end":{"line":10,"column":57}},"4":{"start":{"line":12,"column":2},"end":{"line":14,"column":3}},"5":{"start":{"line":13,"column":4},"end":{"line":13,"column":58}},"6":{"start":{"line":15,"column":2},"end":{"line":15,"column":37}}},"fnMap":{"0":{"name":"(anonymous_0)","decl":{"start":{"line":5,"column":19},"end":{"line":5,"column":20}},"loc":{"start":{"line":5,"column":33},"end":{"line":16,"column":1}},"line":5}},"branchMap":{"0":{"loc":{"start":{"line":9,"column":2},"end":{"line":11,"column":3}},"type":"if","locations":[{"start":{"line":9,"column":2},"end":{"line":11,"column":3}},{"start":{},"end":{}}],"line":9},"1":{"loc":{"start":{"line":9,"column":6},"end":{"line":9,"column":89}},"type":"binary-expr","locations":[{"start":{"line":9,"column":7},"end":{"line":9,"column":44}},{"start":{"line":9,"column":50},"end":{"line":9,"column":88}}],"line":9},"2":{"loc":{"start":{"line":12,"column":2},"end":{"line":14,"column":3}},"type":"if","locations":[{"start":{"line":12,"column":2},"end":{"line":14,"column":3}},{"start":{},"end":{}}],"line":12}},"s":{"0":1,"1":18,"2":18,"3":12,"4":6,"5":6,"6":0},"f":{"0":18},"b":{"0":[12,6],"1":[18,12],"2":[6,0]},"_coverageSchema":"1a1c01bbd47fc00a2c39e90264f33305004495a9","hash":"ac326e38a40ae0329f1f872faf18978c4275cdb6"}
}
