{"/home/barvv/workout/080423/frontend-project-46/__fixtures__/nestedDiff.js": {"path":"/home/barvv/workout/080423/frontend-project-46/__fixtures__/nestedDiff.js","statementMap":{},"fnMap":{},"branchMap":{},"s":{},"f":{},"b":{},"_coverageSchema":"1a1c01bbd47fc00a2c39e90264f33305004495a9","hash":"a5fa316362c9c023a62f644d282dccfe07671fa7"}
,"/home/barvv/workout/080423/frontend-project-46/__fixtures__/plainDiff.js": {"path":"/home/barvv/workout/080423/frontend-project-46/__fixtures__/plainDiff.js","statementMap":{},"fnMap":{},"branchMap":{},"s":{},"f":{},"b":{},"_coverageSchema":"1a1c01bbd47fc00a2c39e90264f33305004495a9","hash":"5a164cbf6d7a249a77ad6293383d834302cb6096"}
,"/home/barvv/workout/080423/frontend-project-46/formatters/index.js": {"path":"/home/barvv/workout/080423/frontend-project-46/formatters/index.js","statementMap":{"0":{"start":{"line":5,"column":18},"end":{"line":16,"column":1}},"1":{"start":{"line":6,"column":2},"end":{"line":15,"column":3}},"2":{"start":{"line":8,"column":6},"end":{"line":8,"column":27}},"3":{"start":{"line":10,"column":6},"end":{"line":10,"column":25}},"4":{"start":{"line":12,"column":6},"end":{"line":12,"column":24}},"5":{"start":{"line":14,"column":6},"end":{"line":14,"column":50}}},"fnMap":{"0":{"name":"(anonymous_0)","decl":{"start":{"line":5,"column":18},"end":{"line":5,"column":19}},"loc":{"start":{"line":5,"column":36},"end":{"line":16,"column":1}},"line":5}},"branchMap":{"0":{"loc":{"start":{"line":6,"column":2},"end":{"line":15,"column":3}},"type":"switch","locations":[{"start":{"line":7,"column":4},"end":{"line":8,"column":27}},{"start":{"line":9,"column":4},"end":{"line":10,"column":25}},{"start":{"line":11,"column":4},"end":{"line":12,"column":24}},{"start":{"line":13,"column":4},"end":{"line":14,"column":50}}],"line":6}},"s":{"0":1,"1":5,"2":2,"3":2,"4":1,"5":0},"f":{"0":5},"b":{"0":[2,2,1,0]},"_coverageSchema":"1a1c01bbd47fc00a2c39e90264f33305004495a9","hash":"b2e3f3f14b7c376fabc1c617c72a9db7b1b45a14"}
,"/home/barvv/workout/080423/frontend-project-46/formatters/json.js": {"path":"/home/barvv/workout/080423/frontend-project-46/formatters/json.js","statementMap":{"0":{"start":{"line":1,"column":22},"end":{"line":1,"column":61}},"1":{"start":{"line":1,"column":32},"end":{"line":1,"column":61}}},"fnMap":{"0":{"name":"(anonymous_0)","decl":{"start":{"line":1,"column":22},"end":{"line":1,"column":23}},"loc":{"start":{"line":1,"column":32},"end":{"line":1,"column":61}},"line":1}},"branchMap":{},"s":{"0":1,"1":1},"f":{"0":1},"b":{},"_coverageSchema":"1a1c01bbd47fc00a2c39e90264f33305004495a9","hash":"9d853e154bfdbcc56f0254ed928befe35cec86a2"}
,"/home/barvv/workout/080423/frontend-project-46/formatters/plain.js": {"path":"/home/barvv/workout/080423/frontend-project-46/formatters/plain.js","statementMap":{"0":{"start":{"line":3,"column":23},"end":{"line":31,"column":1}},"1":{"start":{"line":4,"column":15},"end":{"line":29,"column":3}},"2":{"start":{"line":5,"column":29},"end":{"line":27,"column":6}},"3":{"start":{"line":6,"column":38},"end":{"line":6,"column":44}},"4":{"start":{"line":8,"column":24},"end":{"line":15,"column":7}},"5":{"start":{"line":9,"column":8},"end":{"line":11,"column":9}},"6":{"start":{"line":10,"column":10},"end":{"line":10,"column":35}},"7":{"start":{"line":11,"column":10},"end":{"line":13,"column":9}},"8":{"start":{"line":12,"column":10},"end":{"line":12,"column":28}},"9":{"start":{"line":14,"column":8},"end":{"line":14,"column":19}},"10":{"start":{"line":16,"column":22},"end":{"line":16,"column":50}},"11":{"start":{"line":17,"column":6},"end":{"line":19,"column":7}},"12":{"start":{"line":18,"column":8},"end":{"line":18,"column":51}},"13":{"start":{"line":19,"column":8},"end":{"line":21,"column":7}},"14":{"start":{"line":20,"column":8},"end":{"line":20,"column":81}},"15":{"start":{"line":21,"column":8},"end":{"line":23,"column":7}},"16":{"start":{"line":22,"column":8},"end":{"line":22,"column":110}},"17":{"start":{"line":23,"column":8},"end":{"line":25,"column":7}},"18":{"start":{"line":24,"column":8},"end":{"line":24,"column":42}},"19":{"start":{"line":26,"column":6},"end":{"line":26,"column":16}},"20":{"start":{"line":28,"column":4},"end":{"line":28,"column":44}},"21":{"start":{"line":30,"column":2},"end":{"line":30,"column":24}}},"fnMap":{"0":{"name":"(anonymous_0)","decl":{"start":{"line":3,"column":23},"end":{"line":3,"column":24}},"loc":{"start":{"line":3,"column":33},"end":{"line":31,"column":1}},"line":3},"1":{"name":"(anonymous_1)","decl":{"start":{"line":4,"column":15},"end":{"line":4,"column":16}},"loc":{"start":{"line":4,"column":38},"end":{"line":29,"column":3}},"line":4},"2":{"name":"(anonymous_2)","decl":{"start":{"line":5,"column":45},"end":{"line":5,"column":46}},"loc":{"start":{"line":5,"column":57},"end":{"line":27,"column":5}},"line":5},"3":{"name":"(anonymous_3)","decl":{"start":{"line":8,"column":24},"end":{"line":8,"column":25}},"loc":{"start":{"line":8,"column":33},"end":{"line":15,"column":7}},"line":8}},"branchMap":{"0":{"loc":{"start":{"line":9,"column":8},"end":{"line":11,"column":9}},"type":"if","locations":[{"start":{"line":9,"column":8},"end":{"line":11,"column":9}},{"start":{},"end":{}}],"line":9},"1":{"loc":{"start":{"line":11,"column":10},"end":{"line":13,"column":9}},"type":"if","locations":[{"start":{"line":11,"column":10},"end":{"line":13,"column":9}},{"start":{},"end":{}}],"line":11},"2":{"loc":{"start":{"line":17,"column":6},"end":{"line":19,"column":7}},"type":"if","locations":[{"start":{"line":17,"column":6},"end":{"line":19,"column":7}},{"start":{},"end":{}}],"line":17},"3":{"loc":{"start":{"line":19,"column":8},"end":{"line":21,"column":7}},"type":"if","locations":[{"start":{"line":19,"column":8},"end":{"line":21,"column":7}},{"start":{},"end":{}}],"line":19},"4":{"loc":{"start":{"line":21,"column":8},"end":{"line":23,"column":7}},"type":"if","locations":[{"start":{"line":21,"column":8},"end":{"line":23,"column":7}},{"start":{},"end":{}}],"line":21},"5":{"loc":{"start":{"line":23,"column":8},"end":{"line":25,"column":7}},"type":"if","locations":[{"start":{"line":23,"column":8},"end":{"line":25,"column":7}},{"start":{},"end":{}}],"line":23}},"s":{"0":1,"1":2,"2":10,"3":36,"4":36,"5":26,"6":6,"7":20,"8":14,"9":6,"10":36,"11":36,"12":4,"13":32,"14":10,"15":22,"16":8,"17":14,"18":8,"19":6,"20":10,"21":2},"f":{"0":2,"1":10,"2":36,"3":26},"b":{"0":[6,20],"1":[14,6],"2":[4,32],"3":[10,22],"4":[8,14],"5":[8,6]},"_coverageSchema":"1a1c01bbd47fc00a2c39e90264f33305004495a9","hash":"48c73d0cca20cda2371670552910e525d439ada5"}
,"/home/barvv/workout/080423/frontend-project-46/formatters/stylish.js": {"path":"/home/barvv/workout/080423/frontend-project-46/formatters/stylish.js","statementMap":{"0":{"start":{"line":3,"column":16},"end":{"line":13,"column":1}},"1":{"start":{"line":4,"column":2},"end":{"line":6,"column":3}},"2":{"start":{"line":5,"column":4},"end":{"line":5,"column":44}},"3":{"start":{"line":7,"column":23},"end":{"line":7,"column":41}},"4":{"start":{"line":8,"column":24},"end":{"line":8,"column":46}},"5":{"start":{"line":9,"column":16},"end":{"line":10,"column":65}},"6":{"start":{"line":10,"column":29},"end":{"line":10,"column":64}},"7":{"start":{"line":12,"column":2},"end":{"line":12,"column":98}},"8":{"start":{"line":15,"column":24},"end":{"line":36,"column":1}},"9":{"start":{"line":16,"column":15},"end":{"line":34,"column":3}},"10":{"start":{"line":17,"column":25},"end":{"line":17,"column":43}},"11":{"start":{"line":18,"column":26},"end":{"line":18,"column":48}},"12":{"start":{"line":19,"column":29},"end":{"line":32,"column":6}},"13":{"start":{"line":20,"column":38},"end":{"line":20,"column":44}},"14":{"start":{"line":21,"column":19},"end":{"line":21,"column":50}},"15":{"start":{"line":22,"column":6},"end":{"line":24,"column":7}},"16":{"start":{"line":23,"column":8},"end":{"line":23,"column":27}},"17":{"start":{"line":24,"column":8},"end":{"line":26,"column":7}},"18":{"start":{"line":25,"column":8},"end":{"line":25,"column":27}},"19":{"start":{"line":26,"column":8},"end":{"line":28,"column":7}},"20":{"start":{"line":27,"column":8},"end":{"line":27,"column":27}},"21":{"start":{"line":28,"column":8},"end":{"line":30,"column":7}},"22":{"start":{"line":29,"column":8},"end":{"line":29,"column":79}},"23":{"start":{"line":31,"column":6},"end":{"line":31,"column":52}},"24":{"start":{"line":33,"column":4},"end":{"line":33,"column":96}},"25":{"start":{"line":35,"column":2},"end":{"line":35,"column":23}}},"fnMap":{"0":{"name":"(anonymous_0)","decl":{"start":{"line":3,"column":16},"end":{"line":3,"column":17}},"loc":{"start":{"line":3,"column":53},"end":{"line":13,"column":1}},"line":3},"1":{"name":"(anonymous_1)","decl":{"start":{"line":10,"column":13},"end":{"line":10,"column":14}},"loc":{"start":{"line":10,"column":29},"end":{"line":10,"column":64}},"line":10},"2":{"name":"(anonymous_2)","decl":{"start":{"line":15,"column":24},"end":{"line":15,"column":25}},"loc":{"start":{"line":15,"column":34},"end":{"line":36,"column":1}},"line":15},"3":{"name":"(anonymous_3)","decl":{"start":{"line":16,"column":15},"end":{"line":16,"column":16}},"loc":{"start":{"line":16,"column":35},"end":{"line":34,"column":3}},"line":16},"4":{"name":"(anonymous_4)","decl":{"start":{"line":19,"column":45},"end":{"line":19,"column":46}},"loc":{"start":{"line":19,"column":57},"end":{"line":32,"column":5}},"line":19}},"branchMap":{"0":{"loc":{"start":{"line":4,"column":2},"end":{"line":6,"column":3}},"type":"if","locations":[{"start":{"line":4,"column":2},"end":{"line":6,"column":3}},{"start":{},"end":{}}],"line":4},"1":{"loc":{"start":{"line":22,"column":6},"end":{"line":24,"column":7}},"type":"if","locations":[{"start":{"line":22,"column":6},"end":{"line":24,"column":7}},{"start":{},"end":{}}],"line":22},"2":{"loc":{"start":{"line":24,"column":8},"end":{"line":26,"column":7}},"type":"if","locations":[{"start":{"line":24,"column":8},"end":{"line":26,"column":7}},{"start":{},"end":{}}],"line":24},"3":{"loc":{"start":{"line":26,"column":8},"end":{"line":28,"column":7}},"type":"if","locations":[{"start":{"line":26,"column":8},"end":{"line":28,"column":7}},{"start":{},"end":{}}],"line":26},"4":{"loc":{"start":{"line":28,"column":8},"end":{"line":30,"column":7}},"type":"if","locations":[{"start":{"line":28,"column":8},"end":{"line":30,"column":7}},{"start":{},"end":{}}],"line":28}},"s":{"0":1,"1":230,"2":160,"3":70,"4":70,"5":70,"6":186,"7":70,"8":1,"9":2,"10":10,"11":10,"12":10,"13":36,"14":36,"15":36,"16":4,"17":32,"18":10,"19":22,"20":6,"21":16,"22":8,"23":8,"24":10,"25":2},"f":{"0":230,"1":186,"2":2,"3":10,"4":36},"b":{"0":[160,70],"1":[4,32],"2":[10,22],"3":[6,16],"4":[8,8]},"_coverageSchema":"1a1c01bbd47fc00a2c39e90264f33305004495a9","hash":"94530cd25b28e9d8fff4ab2b27889bf6be98db3c"}
,"/home/barvv/workout/080423/frontend-project-46/src/genDiffFunc.js": {"path":"/home/barvv/workout/080423/frontend-project-46/src/genDiffFunc.js","statementMap":{"0":{"start":{"line":7,"column":16},"end":{"line":32,"column":1}},"1":{"start":{"line":8,"column":20},"end":{"line":8,"column":41}},"2":{"start":{"line":9,"column":21},"end":{"line":9,"column":42}},"3":{"start":{"line":11,"column":26},"end":{"line":30,"column":3}},"4":{"start":{"line":12,"column":20},"end":{"line":12,"column":77}},"5":{"start":{"line":14,"column":24},"end":{"line":28,"column":6}},"6":{"start":{"line":15,"column":6},"end":{"line":17,"column":7}},"7":{"start":{"line":16,"column":8},"end":{"line":16,"column":67}},"8":{"start":{"line":17,"column":8},"end":{"line":19,"column":7}},"9":{"start":{"line":18,"column":8},"end":{"line":18,"column":65}},"10":{"start":{"line":20,"column":6},"end":{"line":22,"column":7}},"11":{"start":{"line":21,"column":8},"end":{"line":21,"column":69}},"12":{"start":{"line":22,"column":8},"end":{"line":24,"column":7}},"13":{"start":{"line":23,"column":8},"end":{"line":23,"column":95}},"14":{"start":{"line":25,"column":6},"end":{"line":27,"column":8}},"15":{"start":{"line":29,"column":4},"end":{"line":29,"column":23}},"16":{"start":{"line":31,"column":2},"end":{"line":31,"column":71}}},"fnMap":{"0":{"name":"(anonymous_0)","decl":{"start":{"line":7,"column":16},"end":{"line":7,"column":17}},"loc":{"start":{"line":7,"column":66},"end":{"line":32,"column":1}},"line":7},"1":{"name":"(anonymous_1)","decl":{"start":{"line":11,"column":26},"end":{"line":11,"column":27}},"loc":{"start":{"line":11,"column":44},"end":{"line":30,"column":3}},"line":11},"2":{"name":"(anonymous_2)","decl":{"start":{"line":14,"column":36},"end":{"line":14,"column":37}},"loc":{"start":{"line":14,"column":45},"end":{"line":28,"column":5}},"line":14}},"branchMap":{"0":{"loc":{"start":{"line":7,"column":39},"end":{"line":7,"column":61}},"type":"default-arg","locations":[{"start":{"line":7,"column":52},"end":{"line":7,"column":61}}],"line":7},"1":{"loc":{"start":{"line":15,"column":6},"end":{"line":17,"column":7}},"type":"if","locations":[{"start":{"line":15,"column":6},"end":{"line":17,"column":7}},{"start":{},"end":{}}],"line":15},"2":{"loc":{"start":{"line":15,"column":10},"end":{"line":15,"column":49}},"type":"binary-expr","locations":[{"start":{"line":15,"column":10},"end":{"line":15,"column":27}},{"start":{"line":15,"column":31},"end":{"line":15,"column":49}}],"line":15},"3":{"loc":{"start":{"line":17,"column":8},"end":{"line":19,"column":7}},"type":"if","locations":[{"start":{"line":17,"column":8},"end":{"line":19,"column":7}},{"start":{},"end":{}}],"line":17},"4":{"loc":{"start":{"line":17,"column":12},"end":{"line":17,"column":51}},"type":"binary-expr","locations":[{"start":{"line":17,"column":12},"end":{"line":17,"column":30}},{"start":{"line":17,"column":34},"end":{"line":17,"column":51}}],"line":17},"5":{"loc":{"start":{"line":20,"column":6},"end":{"line":22,"column":7}},"type":"if","locations":[{"start":{"line":20,"column":6},"end":{"line":22,"column":7}},{"start":{},"end":{}}],"line":20},"6":{"loc":{"start":{"line":22,"column":8},"end":{"line":24,"column":7}},"type":"if","locations":[{"start":{"line":22,"column":8},"end":{"line":24,"column":7}},{"start":{},"end":{}}],"line":22},"7":{"loc":{"start":{"line":22,"column":12},"end":{"line":22,"column":60}},"type":"binary-expr","locations":[{"start":{"line":22,"column":12},"end":{"line":22,"column":34}},{"start":{"line":22,"column":38},"end":{"line":22,"column":60}}],"line":22}},"s":{"0":1,"1":5,"2":5,"3":5,"4":25,"5":25,"6":90,"7":10,"8":80,"9":25,"10":55,"11":15,"12":40,"13":20,"14":20,"15":25,"16":5},"f":{"0":5,"1":25,"2":90},"b":{"0":[2],"1":[10,80],"2":[90,65],"3":[25,55],"4":[80,25],"5":[15,40],"6":[20,20],"7":[40,25]},"_coverageSchema":"1a1c01bbd47fc00a2c39e90264f33305004495a9","hash":"4d0d27a8f3950c99e37a4c4f4244cba4ac468231"}
,"/home/barvv/workout/080423/frontend-project-46/src/parsers.js": {"path":"/home/barvv/workout/080423/frontend-project-46/src/parsers.js","statementMap":{"0":{"start":{"line":5,"column":19},"end":{"line":20,"column":1}},"1":{"start":{"line":6,"column":23},"end":{"line":6,"column":45}},"2":{"start":{"line":10,"column":2},"end":{"line":12,"column":3}},"3":{"start":{"line":11,"column":4},"end":{"line":11,"column":57}},"4":{"start":{"line":15,"column":2},"end":{"line":17,"column":3}},"5":{"start":{"line":16,"column":4},"end":{"line":16,"column":58}},"6":{"start":{"line":19,"column":2},"end":{"line":19,"column":37}}},"fnMap":{"0":{"name":"(anonymous_0)","decl":{"start":{"line":5,"column":19},"end":{"line":5,"column":20}},"loc":{"start":{"line":5,"column":33},"end":{"line":20,"column":1}},"line":5}},"branchMap":{"0":{"loc":{"start":{"line":10,"column":2},"end":{"line":12,"column":3}},"type":"if","locations":[{"start":{"line":10,"column":2},"end":{"line":12,"column":3}},{"start":{},"end":{}}],"line":10},"1":{"loc":{"start":{"line":10,"column":6},"end":{"line":10,"column":89}},"type":"binary-expr","locations":[{"start":{"line":10,"column":7},"end":{"line":10,"column":44}},{"start":{"line":10,"column":50},"end":{"line":10,"column":88}}],"line":10},"2":{"loc":{"start":{"line":15,"column":2},"end":{"line":17,"column":3}},"type":"if","locations":[{"start":{"line":15,"column":2},"end":{"line":17,"column":3}},{"start":{},"end":{}}],"line":15}},"s":{"0":1,"1":10,"2":10,"3":4,"4":6,"5":6,"6":0},"f":{"0":10},"b":{"0":[4,6],"1":[10,6],"2":[6,0]},"_coverageSchema":"1a1c01bbd47fc00a2c39e90264f33305004495a9","hash":"9e34b3adbe72bce30342e815ed96667b68abfb1a"}
}
