TN:
SF:genDiffFunc.js
FN:7,(anonymous_0)
FN:11,(anonymous_1)
FN:14,(anonymous_2)
FNF:3
FNH:3
FNDA:4,(anonymous_0)
FNDA:20,(anonymous_1)
FNDA:72,(anonymous_2)
DA:7,1
DA:8,4
DA:9,4
DA:11,4
DA:12,20
DA:14,20
DA:15,72
DA:16,8
DA:17,64
DA:18,20
DA:20,44
DA:21,12
DA:22,32
DA:23,16
DA:25,16
DA:29,20
DA:31,4
LF:17
LH:17
BRDA:7,0,0,2
BRDA:15,1,0,8
BRDA:15,1,1,64
BRDA:15,2,0,72
BRDA:15,2,1,52
BRDA:17,3,0,20
BRDA:17,3,1,44
BRDA:17,4,0,64
BRDA:17,4,1,20
BRDA:20,5,0,12
BRDA:20,5,1,32
BRDA:22,6,0,16
BRDA:22,6,1,16
BRDA:22,7,0,32
BRDA:22,7,1,20
BRF:15
BRH:15
end_of_record
TN:
SF:parsers.js
FN:5,(anonymous_0)
FNF:1
FNH:1
FNDA:8,(anonymous_0)
DA:5,1
DA:6,8
DA:10,8
DA:11,4
DA:15,4
DA:16,4
DA:19,0
LF:7
LH:6
BRDA:10,0,0,4
BRDA:10,0,1,4
BRDA:10,1,0,8
BRDA:10,1,1,4
BRDA:15,2,0,4
BRDA:15,2,1,0
BRF:6
BRH:5
end_of_record
