TN:
SF:__fixtures__/jsonDiff.js
FNF:0
FNH:0
LF:0
LH:0
BRF:0
BRH:0
end_of_record
TN:
SF:__fixtures__/plainDiff.js
FNF:0
FNH:0
LF:0
LH:0
BRF:0
BRH:0
end_of_record
TN:
SF:__fixtures__/stylishDiff.js
FNF:0
FNH:0
LF:0
LH:0
BRF:0
BRH:0
end_of_record
TN:
SF:formatters/index.js
FN:5,(anonymous_0)
FNF:1
FNH:1
FNDA:9,(anonymous_0)
DA:5,1
DA:6,9
DA:8,3
DA:10,3
DA:12,3
DA:14,0
LF:6
LH:5
BRDA:6,0,0,3
BRDA:6,0,1,3
BRDA:6,0,2,3
BRDA:6,0,3,0
BRF:4
BRH:3
end_of_record
TN:
SF:formatters/json.js
FN:1,(anonymous_0)
FNF:1
FNH:1
FNDA:3,(anonymous_0)
DA:1,3
LF:1
LH:1
BRF:0
BRH:0
end_of_record
TN:
SF:formatters/plain.js
FN:3,(anonymous_0)
FN:4,(anonymous_1)
FN:5,(anonymous_2)
FN:8,(anonymous_3)
FNF:4
FNH:4
FNDA:3,(anonymous_0)
FNDA:15,(anonymous_1)
FNDA:54,(anonymous_2)
FNDA:39,(anonymous_3)
DA:3,1
DA:4,3
DA:5,15
DA:6,54
DA:8,54
DA:9,39
DA:10,9
DA:11,30
DA:12,21
DA:14,9
DA:16,54
DA:17,54
DA:18,6
DA:19,48
DA:20,15
DA:21,33
DA:22,12
DA:23,21
DA:24,12
DA:26,9
DA:28,15
DA:30,3
LF:22
LH:22
BRDA:9,0,0,9
BRDA:9,0,1,30
BRDA:11,1,0,21
BRDA:11,1,1,9
BRDA:17,2,0,6
BRDA:17,2,1,48
BRDA:19,3,0,15
BRDA:19,3,1,33
BRDA:21,4,0,12
BRDA:21,4,1,21
BRDA:23,5,0,12
BRDA:23,5,1,9
BRF:12
BRH:12
end_of_record
TN:
SF:formatters/stylish.js
FN:4,(anonymous_0)
FN:10,(anonymous_1)
FN:15,(anonymous_2)
FN:16,(anonymous_3)
FN:19,(anonymous_4)
FNF:5
FNH:5
FNDA:345,(anonymous_0)
FNDA:279,(anonymous_1)
FNDA:3,(anonymous_2)
FNDA:15,(anonymous_3)
FNDA:54,(anonymous_4)
DA:4,1
DA:5,345
DA:6,240
DA:8,105
DA:9,105
DA:10,279
DA:12,105
DA:15,1
DA:16,3
DA:17,15
DA:18,15
DA:19,15
DA:20,54
DA:21,54
DA:22,54
DA:23,6
DA:24,48
DA:25,15
DA:26,33
DA:27,9
DA:28,24
DA:29,12
DA:30,12
DA:31,12
DA:35,15
DA:37,3
LF:26
LH:26
BRDA:5,0,0,240
BRDA:5,0,1,105
BRDA:22,1,0,6
BRDA:22,1,1,48
BRDA:24,2,0,15
BRDA:24,2,1,33
BRDA:26,3,0,9
BRDA:26,3,1,24
BRDA:28,4,0,12
BRDA:28,4,1,12
BRDA:30,5,0,12
BRDA:30,5,1,0
BRF:12
BRH:11
end_of_record
TN:
SF:src/genDiffFunc.js
FN:5,(anonymous_0)
FN:63,(anonymous_1)
FN:66,(anonymous_2)
FNF:3
FNH:3
FNDA:9,(anonymous_0)
FNDA:45,(anonymous_1)
FNDA:162,(anonymous_2)
DA:5,1
DA:6,9
DA:7,9
DA:63,9
DA:64,45
DA:66,45
DA:69,162
DA:70,18
DA:74,144
DA:75,45
DA:79,99
DA:80,27
DA:84,72
DA:85,36
DA:89,36
DA:97,45
DA:105,9
LF:17
LH:17
BRDA:5,0,0,3
BRDA:69,1,0,18
BRDA:69,1,1,144
BRDA:69,2,0,162
BRDA:69,2,1,117
BRDA:74,3,0,45
BRDA:74,3,1,99
BRDA:74,4,0,144
BRDA:74,4,1,45
BRDA:79,5,0,27
BRDA:79,5,1,72
BRDA:84,6,0,36
BRDA:84,6,1,36
BRDA:84,7,0,72
BRDA:84,7,1,45
BRF:15
BRH:15
end_of_record
TN:
SF:src/parsers.js
FN:5,(anonymous_0)
FNF:1
FNH:1
FNDA:18,(anonymous_0)
DA:5,1
DA:6,18
DA:10,18
DA:11,12
DA:15,6
DA:16,6
DA:19,0
LF:7
LH:6
BRDA:10,0,0,12
BRDA:10,0,1,6
BRDA:10,1,0,18
BRDA:10,1,1,12
BRDA:15,2,0,6
BRDA:15,2,1,0
BRF:6
BRH:5
end_of_record
